2020-06-15 14:00:55,718 - INFO - *************获取token*************
2020-06-15 14:00:55,853 - INFO - 发送post请求
2020-06-15 14:00:56,710 - INFO - None
2020-06-15 14:00:56,710 - INFO - 接口请求错误，请检查接口地址
2020-06-15 14:00:59,389 - INFO - **********测 试 开 始**********
2020-06-15 14:00:59,389 - INFO - **********当 前 测 试 文 件:E:/智慧校园接口测试用例/0登录.xlsx**********
2020-06-15 14:01:02,018 - INFO - 正在测试"正常请求"请求，测试参数为:
{"usernum": "admin", "userpassword": 666666}
2020-06-15 14:01:02,032 - INFO - 发送post请求
2020-06-15 14:01:02,034 - INFO - ------------------------------------------------------------------
2020-06-15 14:01:02,034 - INFO - 正在测试"usernum为空"请求，测试参数为:
{"usernum": "", "userpassword": 666666}
2020-06-15 14:01:02,048 - INFO - 发送post请求
2020-06-15 14:01:02,049 - INFO - ------------------------------------------------------------------
2020-06-15 14:01:02,049 - INFO - 正在测试"usernum为空格"请求，测试参数为:
{"usernum": " ", "userpassword": 666666}
2020-06-15 14:01:02,072 - INFO - 发送post请求
2020-06-15 14:01:02,094 - INFO - ------------------------------------------------------------------
2020-06-15 14:01:02,094 - INFO - 正在测试"usernum为字符串"请求，测试参数为:
{"usernum": "公司之后精华广告.", "userpassword": 666666}
2020-06-15 14:01:02,108 - INFO - 发送post请求
2020-06-15 14:01:02,110 - INFO - ------------------------------------------------------------------
2020-06-15 14:01:02,110 - INFO - 正在测试"usernum为小数"请求，测试参数为:
{"usernum": 1, "userpassword": 666666}
2020-06-15 14:01:02,124 - INFO - 发送post请求
2020-06-15 14:01:02,125 - INFO - ------------------------------------------------------------------
2020-06-15 14:01:02,125 - INFO - 正在测试"usernum为整数"请求，测试参数为:
{"usernum": 663, "userpassword": 666666}
2020-06-15 14:01:02,142 - INFO - 发送post请求
2020-06-15 14:01:02,144 - INFO - ------------------------------------------------------------------
2020-06-15 14:01:02,144 - INFO - 正在测试"usernum为负数"请求，测试参数为:
{"usernum": -4, "userpassword": 666666}
2020-06-15 14:01:02,158 - INFO - 发送post请求
2020-06-15 14:01:02,160 - INFO - ------------------------------------------------------------------
2020-06-15 14:01:02,161 - INFO - 正在测试"usernum为日期格式"请求，测试参数为:
{"usernum": "1998-10-08", "userpassword": 666666}
2020-06-15 14:01:02,175 - INFO - 发送post请求
2020-06-15 14:01:02,176 - INFO - ------------------------------------------------------------------
2020-06-15 14:01:02,176 - INFO - 正在测试"userpassword为空"请求，测试参数为:
{"usernum": "admin", "userpassword": ""}
2020-06-15 14:01:02,190 - INFO - 发送post请求
2020-06-15 14:01:02,191 - INFO - ------------------------------------------------------------------
2020-06-15 14:01:02,191 - INFO - 正在测试"userpassword为空格"请求，测试参数为:
{"usernum": "admin", "userpassword": " "}
2020-06-15 14:01:02,206 - INFO - 发送post请求
2020-06-15 14:01:02,208 - INFO - ------------------------------------------------------------------
2020-06-15 14:01:02,208 - INFO - 正在测试"userpassword为字符串"请求，测试参数为:
{"usernum": "admin", "userpassword": "系列同时技术电子介绍."}
2020-06-15 14:01:02,222 - INFO - 发送post请求
2020-06-15 14:01:02,224 - INFO - ------------------------------------------------------------------
2020-06-15 14:01:02,224 - INFO - 正在测试"userpassword为小数"请求，测试参数为:
{"usernum": "admin", "userpassword": 2}
2020-06-15 14:01:02,239 - INFO - 发送post请求
2020-06-15 14:01:02,240 - INFO - ------------------------------------------------------------------
2020-06-15 14:01:02,241 - INFO - 正在测试"userpassword为整数"请求，测试参数为:
{"usernum": "admin", "userpassword": 317}
2020-06-15 14:01:02,255 - INFO - 发送post请求
2020-06-15 14:01:02,289 - INFO - ------------------------------------------------------------------
2020-06-15 14:01:02,289 - INFO - 正在测试"userpassword为负数"请求，测试参数为:
{"usernum": "admin", "userpassword": -80}
2020-06-15 14:01:02,309 - INFO - 发送post请求
2020-06-15 14:01:02,311 - INFO - ------------------------------------------------------------------
2020-06-15 14:01:02,312 - INFO - 正在测试"userpassword为日期格式"请求，测试参数为:
{"usernum": "admin", "userpassword": "1980-06-06"}
2020-06-15 14:01:02,328 - INFO - 发送post请求
2020-06-15 14:01:02,331 - INFO - ------------------------------------------------------------------
2020-06-15 14:01:04,298 - INFO - **********测 试 结 束**********
2020-06-15 14:01:04,381 - INFO - **********测 试 开 始**********
2020-06-15 14:01:04,382 - INFO - **********当 前 测 试 文 件:E:/智慧校园接口测试用例/1个人主页.xlsx**********
2020-06-15 14:01:06,653 - INFO - 正在测试"正常请求"请求，测试参数为:
{"name": "用户名", "autograph": "个性签名", "sex": 1, "user_id": 4}
2020-06-15 14:01:06,667 - INFO - 发送put请求
2020-06-15 14:01:06,685 - INFO - ------------------------------------------------------------------
2020-06-15 14:01:06,685 - INFO - 正在测试"name为空"请求，测试参数为:
{"name": "", "autograph": "个性签名", "sex": 1, "user_id": 4}
2020-06-15 14:01:06,699 - INFO - 发送put请求
2020-06-15 14:01:06,701 - INFO - ------------------------------------------------------------------
2020-06-15 14:01:06,701 - INFO - 正在测试"name为空格"请求，测试参数为:
{"name": " ", "autograph": "个性签名", "sex": 1, "user_id": 4}
2020-06-15 14:01:06,716 - INFO - 发送put请求
2020-06-15 14:01:06,732 - INFO - ------------------------------------------------------------------
2020-06-15 14:01:06,732 - INFO - 正在测试"name为字符串"请求，测试参数为:
{"name": "报告信息分析.", "autograph": "个性签名", "sex": 1, "user_id": 4}
2020-06-15 14:01:06,776 - INFO - 发送put请求
2020-06-15 14:01:06,778 - INFO - ------------------------------------------------------------------
2020-06-15 14:01:06,778 - INFO - 正在测试"name为小数"请求，测试参数为:
{"name": 5, "autograph": "个性签名", "sex": 1, "user_id": 4}
2020-06-15 14:01:06,792 - INFO - 发送put请求
2020-06-15 14:01:06,793 - INFO - ------------------------------------------------------------------
2020-06-15 14:01:06,794 - INFO - 正在测试"name为整数"请求，测试参数为:
{"name": 961, "autograph": "个性签名", "sex": 1, "user_id": 4}
2020-06-15 14:01:06,808 - INFO - 发送put请求
2020-06-15 14:01:06,810 - INFO - ------------------------------------------------------------------
2020-06-15 14:01:06,810 - INFO - 正在测试"name为负数"请求，测试参数为:
{"name": -62, "autograph": "个性签名", "sex": 1, "user_id": 4}
2020-06-15 14:01:06,824 - INFO - 发送put请求
2020-06-15 14:01:06,826 - INFO - ------------------------------------------------------------------
2020-06-15 14:01:06,827 - INFO - 正在测试"name为日期格式"请求，测试参数为:
{"name": "2019-07-31", "autograph": "个性签名", "sex": 1, "user_id": 4}
2020-06-15 14:01:06,842 - INFO - 发送put请求
2020-06-15 14:01:06,844 - INFO - ------------------------------------------------------------------
2020-06-15 14:01:06,844 - INFO - 正在测试"autograph为空"请求，测试参数为:
{"name": "用户名", "autograph": "", "sex": 1, "user_id": 4}
2020-06-15 14:01:06,858 - INFO - 发送put请求
2020-06-15 14:01:06,860 - INFO - ------------------------------------------------------------------
2020-06-15 14:01:06,860 - INFO - 正在测试"autograph为空格"请求，测试参数为:
{"name": "用户名", "autograph": " ", "sex": 1, "user_id": 4}
2020-06-15 14:01:06,873 - INFO - 发送put请求
2020-06-15 14:01:06,875 - INFO - ------------------------------------------------------------------
2020-06-15 14:01:06,875 - INFO - 正在测试"autograph为字符串"请求，测试参数为:
{"name": "用户名", "autograph": "如果作为.", "sex": 1, "user_id": 4}
2020-06-15 14:01:06,890 - INFO - 发送put请求
2020-06-15 14:01:06,892 - INFO - ------------------------------------------------------------------
2020-06-15 14:01:06,893 - INFO - 正在测试"autograph为小数"请求，测试参数为:
{"name": "用户名", "autograph": 2, "sex": 1, "user_id": 4}
2020-06-15 14:01:06,908 - INFO - 发送put请求
2020-06-15 14:01:06,910 - INFO - ------------------------------------------------------------------
2020-06-15 14:01:06,911 - INFO - 正在测试"autograph为整数"请求，测试参数为:
{"name": "用户名", "autograph": 480, "sex": 1, "user_id": 4}
2020-06-15 14:01:06,939 - INFO - 发送put请求
2020-06-15 14:01:06,972 - INFO - ------------------------------------------------------------------
2020-06-15 14:01:06,973 - INFO - 正在测试"autograph为负数"请求，测试参数为:
{"name": "用户名", "autograph": -28, "sex": 1, "user_id": 4}
2020-06-15 14:01:07,001 - INFO - 发送put请求
2020-06-15 14:01:07,018 - INFO - ------------------------------------------------------------------
2020-06-15 14:01:07,018 - INFO - 正在测试"autograph为日期格式"请求，测试参数为:
{"name": "用户名", "autograph": "1990-08-15", "sex": 1, "user_id": 4}
2020-06-15 14:01:07,031 - INFO - 发送put请求
2020-06-15 14:01:07,039 - INFO - ------------------------------------------------------------------
2020-06-15 14:01:07,039 - INFO - 正在测试"sex为空"请求，测试参数为:
{"name": "用户名", "autograph": "个性签名", "sex": "", "user_id": 4}
2020-06-15 14:01:07,052 - INFO - 发送put请求
2020-06-15 14:01:07,053 - INFO - ------------------------------------------------------------------
2020-06-15 14:01:07,054 - INFO - 正在测试"sex为空格"请求，测试参数为:
{"name": "用户名", "autograph": "个性签名", "sex": " ", "user_id": 4}
2020-06-15 14:01:07,067 - INFO - 发送put请求
2020-06-15 14:01:07,069 - INFO - ------------------------------------------------------------------
2020-06-15 14:01:07,069 - INFO - 正在测试"sex为字符串"请求，测试参数为:
{"name": "用户名", "autograph": "个性签名", "sex": "不过只有.", "user_id": 4}
2020-06-15 14:01:07,085 - INFO - 发送put请求
2020-06-15 14:01:07,167 - INFO - ------------------------------------------------------------------
2020-06-15 14:01:07,167 - INFO - 正在测试"sex为小数"请求，测试参数为:
{"name": "用户名", "autograph": "个性签名", "sex": 1, "user_id": 4}
2020-06-15 14:01:07,222 - INFO - 发送put请求
2020-06-15 14:01:07,238 - INFO - ------------------------------------------------------------------
2020-06-15 14:01:07,238 - INFO - 正在测试"sex为整数"请求，测试参数为:
{"name": "用户名", "autograph": "个性签名", "sex": 542, "user_id": 4}
2020-06-15 14:01:07,252 - INFO - 发送put请求
2020-06-15 14:01:07,254 - INFO - ------------------------------------------------------------------
2020-06-15 14:01:07,254 - INFO - 正在测试"sex为负数"请求，测试参数为:
{"name": "用户名", "autograph": "个性签名", "sex": -75, "user_id": 4}
2020-06-15 14:01:07,271 - INFO - 发送put请求
2020-06-15 14:01:07,273 - INFO - ------------------------------------------------------------------
2020-06-15 14:01:07,273 - INFO - 正在测试"sex为日期格式"请求，测试参数为:
{"name": "用户名", "autograph": "个性签名", "sex": "1999-05-15", "user_id": 4}
2020-06-15 14:01:07,288 - INFO - 发送put请求
2020-06-15 14:01:07,290 - INFO - ------------------------------------------------------------------
2020-06-15 14:01:07,290 - INFO - 正在测试"user_id为空"请求，测试参数为:
{"name": "用户名", "autograph": "个性签名", "sex": 1, "user_id": ""}
2020-06-15 14:01:07,305 - INFO - 发送put请求
2020-06-15 14:01:07,307 - INFO - ------------------------------------------------------------------
2020-06-15 14:01:07,308 - INFO - 正在测试"user_id为空格"请求，测试参数为:
{"name": "用户名", "autograph": "个性签名", "sex": 1, "user_id": " "}
2020-06-15 14:01:07,323 - INFO - 发送put请求
2020-06-15 14:01:07,326 - INFO - ------------------------------------------------------------------
2020-06-15 14:01:07,326 - INFO - 正在测试"user_id为字符串"请求，测试参数为:
{"name": "用户名", "autograph": "个性签名", "sex": 1, "user_id": "电脑今年."}
2020-06-15 14:01:07,387 - INFO - 发送put请求
2020-06-15 14:01:07,447 - INFO - ------------------------------------------------------------------
2020-06-15 14:01:07,468 - INFO - 正在测试"user_id为小数"请求，测试参数为:
{"name": "用户名", "autograph": "个性签名", "sex": 1, "user_id": 9}
2020-06-15 14:01:07,491 - INFO - 发送put请求
2020-06-15 14:01:07,493 - INFO - ------------------------------------------------------------------
2020-06-15 14:01:07,493 - INFO - 正在测试"user_id为整数"请求，测试参数为:
{"name": "用户名", "autograph": "个性签名", "sex": 1, "user_id": 748}
2020-06-15 14:01:07,507 - INFO - 发送put请求
2020-06-15 14:01:07,510 - INFO - ------------------------------------------------------------------
2020-06-15 14:01:07,510 - INFO - 正在测试"user_id为负数"请求，测试参数为:
{"name": "用户名", "autograph": "个性签名", "sex": 1, "user_id": -41}
2020-06-15 14:01:07,527 - INFO - 发送put请求
2020-06-15 14:01:07,529 - INFO - ------------------------------------------------------------------
2020-06-15 14:01:07,529 - INFO - 正在测试"user_id为日期格式"请求，测试参数为:
{"name": "用户名", "autograph": "个性签名", "sex": 1, "user_id": "2009-03-04"}
2020-06-15 14:01:07,552 - INFO - 发送put请求
2020-06-15 14:01:07,553 - INFO - ------------------------------------------------------------------
